<?xml version="1.0" encoding="UTF-8"?>
<!-- Generated by org.testng.reporters.JUnitXMLReporter -->
<testsuite ignored="0" hostname="Shanti-Windows-Laptop" failures="0" tests="3" name="Default test" time="0.285" errors="0" timestamp="2024-02-20T22:39:07 PST">
  <testcase classname="SalesforceAutomation.SFUserMenuTCs" name="@BeforeMethod setUpBeforeMethod" time="0.044">
    <failure type="java.lang.NullPointerException" message="Cannot invoke &amp;quot;com.aventstack.extentreports.ExtentReports.createTest(String)&amp;quot; because &amp;quot;SalesforceUtilities.ExtentReportsUtility.report&amp;quot; is null">
      <![CDATA[java.lang.NullPointerException: Cannot invoke "com.aventstack.extentreports.ExtentReports.createTest(String)" because "SalesforceUtilities.ExtentReportsUtility.report" is null
at SalesforceUtilities.ExtentReportsUtility.startSingleTestReport(ExtentReportsUtility.java:45)
at SalesforceAutomation.SFUserMenuTCs.setUpBeforeMethod(SFUserMenuTCs.java:35)
at java.base/jdk.internal.reflect.DirectMethodHandleAccessor.invoke(DirectMethodHandleAccessor.java:104)
at java.base/java.lang.reflect.Method.invoke(Method.java:577)
at org.testng.internal.invokers.MethodInvocationHelper.invokeMethod(MethodInvocationHelper.java:139)
at org.testng.internal.invokers.MethodInvocationHelper.invokeMethodConsideringTimeout(MethodInvocationHelper.java:69)
at org.testng.internal.invokers.ConfigInvoker.invokeConfigurationMethod(ConfigInvoker.java:361)
at org.testng.internal.invokers.ConfigInvoker.invokeConfigurations(ConfigInvoker.java:296)
at org.testng.internal.invokers.TestInvoker.runConfigMethods(TestInvoker.java:823)
at org.testng.internal.invokers.TestInvoker.invokeMethod(TestInvoker.java:590)
at org.testng.internal.invokers.TestInvoker.invokeTestMethod(TestInvoker.java:221)
at org.testng.internal.invokers.MethodRunner.runInSequence(MethodRunner.java:50)
at org.testng.internal.invokers.TestInvoker$MethodInvocationAgent.invoke(TestInvoker.java:969)
at org.testng.internal.invokers.TestInvoker.invokeTestMethods(TestInvoker.java:194)
at org.testng.internal.invokers.TestMethodWorker.invokeTestMethods(TestMethodWorker.java:148)
at org.testng.internal.invokers.TestMethodWorker.run(TestMethodWorker.java:128)
at java.base/java.util.ArrayList.forEach(ArrayList.java:1511)
at org.testng.TestRunner.privateRun(TestRunner.java:829)
at org.testng.TestRunner.run(TestRunner.java:602)
at org.testng.SuiteRunner.runTest(SuiteRunner.java:437)
at org.testng.SuiteRunner.runSequentially(SuiteRunner.java:431)
at org.testng.SuiteRunner.privateRun(SuiteRunner.java:391)
at org.testng.SuiteRunner.run(SuiteRunner.java:330)
at org.testng.SuiteRunnerWorker.runSuite(SuiteRunnerWorker.java:52)
at org.testng.SuiteRunnerWorker.run(SuiteRunnerWorker.java:95)
at org.testng.TestNG.runSuitesSequentially(TestNG.java:1256)
at org.testng.TestNG.runSuitesLocally(TestNG.java:1176)
at org.testng.TestNG.runSuites(TestNG.java:1099)
at org.testng.TestNG.run(TestNG.java:1067)
at org.testng.remote.AbstractRemoteTestNG.run(AbstractRemoteTestNG.java:115)
at org.testng.remote.RemoteTestNG.initAndRun(RemoteTestNG.java:251)
at org.testng.remote.RemoteTestNG.main(RemoteTestNG.java:77)
]]>
    </failure>
  </testcase> <!-- @BeforeMethod setUpBeforeMethod -->
  <testcase classname="SalesforceAutomation.SFUserMenuTCs" name="@AfterMethod tearDownAfterTestMethod" time="0.0">
    <skipped/>
  </testcase> <!-- @AfterMethod tearDownAfterTestMethod -->
  <testcase classname="SalesforceAutomation.SFUserMenuTCs" name="@BeforeMethod setUpBeforeMethod" time="0.0">
    <skipped/>
  </testcase> <!-- @BeforeMethod setUpBeforeMethod -->
  <testcase classname="SalesforceAutomation.SFUserMenuTCs" name="@AfterMethod tearDownAfterTestMethod" time="0.0">
    <skipped/>
  </testcase> <!-- @AfterMethod tearDownAfterTestMethod -->
  <testcase classname="SalesforceAutomation.SFUserMenuTCs" name="@BeforeMethod setUpBeforeMethod" time="0.0">
    <skipped/>
  </testcase> <!-- @BeforeMethod setUpBeforeMethod -->
  <testcase classname="SalesforceAutomation.SFUserMenuTCs" name="@AfterMethod tearDownAfterTestMethod" time="0.0">
    <skipped/>
  </testcase> <!-- @AfterMethod tearDownAfterTestMethod -->
  <testcase classname="SalesforceAutomation.SFUserMenuTCs" name="TC05_UM" time="0.0">
    <skipped/>
  </testcase> <!-- TC05_UM -->
  <testcase classname="SalesforceAutomation.SFUserMenuTCs" name="TC08_UM" time="0.0">
    <skipped/>
  </testcase> <!-- TC08_UM -->
  <testcase classname="SalesforceAutomation.SFUserMenuTCs" name="TC09_UM" time="0.0">
    <skipped/>
  </testcase> <!-- TC09_UM -->
</testsuite> <!-- Default test -->
